
Showing logs for build [32mmy-jenkins-x-environment-k8s-al-9kc29-1[0m stage [32mfrom-build-pack[0m and container [32mcredential-initializer[0m
{"level":"info","ts":1624547987.1089559,"caller":"creds-init/main.go:44","msg":"Credentials initialized."}

Showing logs for build [32mmy-jenkins-x-environment-k8s-al-9kc29-1[0m stage [32mfrom-build-pack[0m and container [32mworking-dir-initializer[0m

Showing logs for build [32mmy-jenkins-x-environment-k8s-al-9kc29-1[0m stage [32mfrom-build-pack[0m and container [32mplace-tools[0m

Showing logs for build [32mmy-jenkins-x-environment-k8s-al-9kc29-1[0m stage [32mfrom-build-pack[0m and container [32mstep-git-source-workspace-7fvlb[0m
{"level":"info","ts":1624547993.4623687,"caller":"git/git.go:105","msg":"Successfully cloned https://github.com/my-jenkins-x/environment-k8s-alpha-production.git @ v0.0.1 in path /workspace/source"}
{"level":"warn","ts":1624547993.4681067,"caller":"git/git.go:152","msg":"Unexpected error: creating symlink: symlink /tekton/home/.ssh /root/.ssh: file exists"}
{"level":"info","ts":1624547993.5467157,"caller":"git/git.go:133","msg":"Successfully initialized and updated submodules in path /workspace/source"}

Showing logs for build [32mmy-jenkins-x-environment-k8s-al-9kc29-1[0m stage [32mfrom-build-pack[0m and container [32mstep-setup-builder-home[0m

Showing logs for build [32mmy-jenkins-x-environment-k8s-al-9kc29-1[0m stage [32mfrom-build-pack[0m and container [32mstep-git-merge[0m
Using SHAs from PULL_REFS=master:b9675e36c4475284a1c00d277377dc8131cf9508
WARNING: no SHAs to merge, falling back to initial cloned commit

Showing logs for build [32mmy-jenkins-x-environment-k8s-al-9kc29-1[0m stage [32mfrom-build-pack[0m and container [32mstep-setup-jx-git-credentials[0m
Generated Git credentials file /tekton/home/git/credentials

Showing logs for build [32mmy-jenkins-x-environment-k8s-al-9kc29-1[0m stage [32mfrom-build-pack[0m and container [32mstep-build-helm-apply[0m
Modified file /workspace/source/env/Chart.yaml to set the chart to version 1
creating the lock configmap **-lock-**-production
lock configmap **-lock-**-production created
Cloning the Jenkins X versions repo https://github.com/jenkins-x/jenkins-x-versions.git with ref refs/heads/master to /tekton/home/.**/jenkins-x-versions
Ignoring templates/.gitignore
Ignoring templates/wildcardcert-secret.yaml
WARNING: No $CHART_REPOSITORY defined so using the default value of: http://jenkins-x-chartmuseum:8080
Adding missing Helm repo: storage.googleapis.com https://storage.googleapis.com/chartmuseum.jenkins-x.io
Successfully added Helm repository storage.googleapis.com.
Adding missing Helm repo: jenkins-x-chartmuseum http://jenkins-x-chartmuseum:8080
Successfully added Helm repository jenkins-x-chartmuseum.
WARNING: No $CHART_REPOSITORY defined so using the default value of: http://jenkins-x-chartmuseum:8080
Adding missing Helm repo: chartmuseum.jenkins-x.io http://chartmuseum.jenkins-x.io
Successfully added Helm repository chartmuseum.jenkins-x.io.
cleaning the lock configmap **-lock-**-production
error: failed to build the dependencies of chart '/tmp/**-helm-apply-824680292/env': failed to run 'helm dependency build' command in directory '/tmp/**-helm-apply-824680292/env', output: 'Hang tight while we grab the latest from your chart repositories...
...Unable to get an update from the "local" chart repository (http://127.0.0.1:8879/charts):
	Get "http://127.0.0.1:8879/charts/index.yaml": dial tcp 127.0.0.1:8879: connect: connection refused
...Successfully got an update from the "jenkins-x-chartmuseum" chart repository
...Successfully got an update from the "stable" chart repository
...Successfully got an update from the "chartmuseum.jenkins-x.io" chart repository
...Successfully got an update from the "storage.googleapis.com" chart repository
Update Complete.
Error: **-tutorial chart not found in repo http://jenkins-x-chartmuseum:8080'
[31m
Pipeline failed on stage 'from-build-pack' : container 'step-build-helm-apply'. The execution of the pipeline has stopped.[0m
